# JRE version: OpenJDK Runtime Environment (17.0.7) (build 17.0.7+0-b2043.56-10550314)
# Java VM: OpenJDK 64-Bit Server VM (17.0.7+0-b2043.56-10550314, mixed mode, tiered, compressed oops, compressed class ptrs, g1 gc, windows-amd64)
GC Precious Log:
 CPUs: 4 total, 4 available
 Memory: 7880M
 Large Page Support: Disabled
 NUMA Support: Disabled
 Compressed Oops: Enabled (32-bit)
 Heap Region Size: 1M
 Heap Min Capacity: 8M
 Heap Initial Capacity: 124M
 Heap Max Capacity: 2G
 Pre-touch: Disabled
 Parallel Workers: 4
 Concurrent Workers: 1
 Concurrent Refinement Workers: 4
 Periodic GC: Disabled
Heap:
 garbage-first heap   total 180224K, used 105618K [0x0000000080000000, 0x0000000100000000)
  region size 1024K, 7 young (7168K), 7 survivors (7168K)
 Metaspace       used 116861K, committed 117568K, reserved 1179648K
  class space    used 16009K, committed 16320K, reserved 1048576K
GC Heap History (20 events):
Event: 16.260 GC heap after
{Heap after GC invocations=43 (full 0):
 garbage-first heap   total 142336K, used 81351K [0x0000000080000000, 0x0000000100000000)
  region size 1024K, 6 young (6144K), 6 survivors (6144K)
 Metaspace       used 84035K, committed 84608K, reserved 1179648K
  class space    used 11399K, committed 11648K, reserved 1048576K
}
Event: 16.274 GC heap before
{Heap before GC invocations=43 (full 0):
 garbage-first heap   total 142336K, used 82375K [0x0000000080000000, 0x0000000100000000)
  region size 1024K, 7 young (7168K), 6 survivors (6144K)
 Metaspace       used 84035K, committed 84608K, reserved 1179648K
  class space    used 11399K, committed 11648K, reserved 1048576K
}
Event: 16.281 GC heap after
{Heap after GC invocations=44 (full 0):
 garbage-first heap   total 180224K, used 81760K [0x0000000080000000, 0x0000000100000000)
  region size 1024K, 1 young (1024K), 1 survivors (1024K)
 Metaspace       used 84035K, committed 84608K, reserved 1179648K
  class space    used 11399K, committed 11648K, reserved 1048576K
}
Event: 17.153 GC heap before
{Heap before GC invocations=44 (full 0):
 garbage-first heap   total 180224K, used 135008K [0x0000000080000000, 0x0000000100000000)
  region size 1024K, 55 young (56320K), 1 survivors (1024K)
 Metaspace       used 91993K, committed 92544K, reserved 1179648K
  class space    used 12375K, committed 12608K, reserved 1048576K
}
Event: 17.161 GC heap after
{Heap after GC invocations=45 (full 0):
 garbage-first heap   total 180224K, used 86647K [0x0000000080000000, 0x0000000100000000)
  region size 1024K, 6 young (6144K), 6 survivors (6144K)
 Metaspace       used 91993K, committed 92544K, reserved 1179648K
  class space    used 12375K, committed 12608K, reserved 1048576K
}
Event: 18.720 GC heap before
{Heap before GC invocations=45 (full 0):
 garbage-first heap   total 180224K, used 145015K [0x0000000080000000, 0x0000000100000000)
  region size 1024K, 62 young (63488K), 6 survivors (6144K)
 Metaspace       used 94439K, committed 95040K, reserved 1179648K
  class space    used 12690K, committed 12992K, reserved 1048576K
}
Event: 18.726 GC heap after
{Heap after GC invocations=46 (full 0):
 garbage-first heap   total 180224K, used 88800K [0x0000000080000000, 0x0000000100000000)
  region size 1024K, 3 young (3072K), 3 survivors (3072K)
 Metaspace       used 94439K, committed 95040K, reserved 1179648K
  class space    used 12690K, committed 12992K, reserved 1048576K
}
Event: 19.865 GC heap before
{Heap before GC invocations=46 (full 0):
 garbage-first heap   total 180224K, used 145120K [0x0000000080000000, 0x0000000100000000)
  region size 1024K, 59 young (60416K), 3 survivors (3072K)
 Metaspace       used 98453K, committed 99072K, reserved 1179648K
  class space    used 13262K, committed 13568K, reserved 1048576K
}
Event: 19.874 GC heap after
{Heap after GC invocations=47 (full 0):
 garbage-first heap   total 180224K, used 91252K [0x0000000080000000, 0x0000000100000000)
  region size 1024K, 5 young (5120K), 5 survivors (5120K)
 Metaspace       used 98453K, committed 99072K, reserved 1179648K
  class space    used 13262K, committed 13568K, reserved 1048576K
}
Event: 21.110 GC heap before
{Heap before GC invocations=48 (full 0):
 garbage-first heap   total 180224K, used 146548K [0x0000000080000000, 0x0000000100000000)
  region size 1024K, 60 young (61440K), 5 survivors (5120K)
 Metaspace       used 108110K, committed 108800K, reserved 1179648K
  class space    used 14969K, committed 15296K, reserved 1048576K
}
Event: 21.123 GC heap after
{Heap after GC invocations=49 (full 0):
 garbage-first heap   total 180224K, used 93833K [0x0000000080000000, 0x0000000100000000)
  region size 1024K, 6 young (6144K), 6 survivors (6144K)
 Metaspace       used 108110K, committed 108800K, reserved 1179648K
  class space    used 14969K, committed 15296K, reserved 1048576K
}
Event: 21.190 GC heap before
{Heap before GC invocations=49 (full 0):
 garbage-first heap   total 180224K, used 95881K [0x0000000080000000, 0x0000000100000000)
  region size 1024K, 8 young (8192K), 6 survivors (6144K)
 Metaspace       used 108369K, committed 108992K, reserved 1179648K
  class space    used 15004K, committed 15296K, reserved 1048576K
}
Event: 21.197 GC heap after
{Heap after GC invocations=50 (full 0):
 garbage-first heap   total 180224K, used 94032K [0x0000000080000000, 0x0000000100000000)
  region size 1024K, 1 young (1024K), 1 survivors (1024K)
 Metaspace       used 108369K, committed 108992K, reserved 1179648K
  class space    used 15004K, committed 15296K, reserved 1048576K
}
Event: 174.114 GC heap before
{Heap before GC invocations=50 (full 0):
 garbage-first heap   total 180224K, used 159568K [0x0000000080000000, 0x0000000100000000)
  region size 1024K, 56 young (57344K), 1 survivors (1024K)
 Metaspace       used 113403K, committed 114048K, reserved 1179648K
  class space    used 15677K, committed 16000K, reserved 1048576K
}
Event: 174.121 GC heap after
{Heap after GC invocations=51 (full 0):
 garbage-first heap   total 180224K, used 96058K [0x0000000080000000, 0x0000000100000000)
  region size 1024K, 3 young (3072K), 3 survivors (3072K)
 Metaspace       used 113403K, committed 114048K, reserved 1179648K
  class space    used 15677K, committed 16000K, reserved 1048576K
}
Event: 176.009 GC heap before
{Heap before GC invocations=52 (full 0):
 garbage-first heap   total 180224K, used 147258K [0x0000000080000000, 0x0000000100000000)
  region size 1024K, 56 young (57344K), 3 survivors (3072K)
 Metaspace       used 115299K, committed 116032K, reserved 1179648K
  class space    used 15843K, committed 16192K, reserved 1048576K
}
Event: 176.020 GC heap after
{Heap after GC invocations=53 (full 0):
 garbage-first heap   total 180224K, used 99271K [0x0000000080000000, 0x0000000100000000)
  region size 1024K, 7 young (7168K), 7 survivors (7168K)
 Metaspace       used 115299K, committed 116032K, reserved 1179648K
  class space    used 15843K, committed 16192K, reserved 1048576K
}
Event: 176.070 GC heap before
{Heap before GC invocations=53 (full 0):
 garbage-first heap   total 180224K, used 100295K [0x0000000080000000, 0x0000000100000000)
  region size 1024K, 8 young (8192K), 7 survivors (7168K)
 Metaspace       used 115337K, committed 116032K, reserved 1179648K
  class space    used 15846K, committed 16192K, reserved 1048576K
}
Event: 176.079 GC heap after
{Heap after GC invocations=54 (full 0):
 garbage-first heap   total 180224K, used 100121K [0x0000000080000000, 0x0000000100000000)
  region size 1024K, 1 young (1024K), 1 survivors (1024K)
 Metaspace       used 115337K, committed 116032K, reserved 1179648K
  class space    used 15846K, committed 16192K, reserved 1048576K
}
Event: 179.185 GC heap before
{Heap before GC invocations=54 (full 0):
 garbage-first heap   total 180224K, used 148249K [0x0000000080000000, 0x0000000100000000)
  region size 1024K, 49 young (50176K), 1 survivors (1024K)
 Metaspace       used 116861K, committed 117568K, reserved 1179648K
  class space    used 16009K, committed 16320K, reserved 1048576K
}

