# JRE version: OpenJDK Runtime Environment (17.0.7) (build 17.0.7+0-b2043.56-10550314)
# Java VM: OpenJDK 64-Bit Server VM (17.0.7+0-b2043.56-10550314, mixed mode, tiered, compressed oops, compressed class ptrs, g1 gc, windows-amd64)
GC Precious Log:
 CPUs: 4 total, 4 available
 Memory: 7880M
 Large Page Support: Disabled
 NUMA Support: Disabled
 Compressed Oops: Enabled (32-bit)
 Heap Region Size: 1M
 Heap Min Capacity: 8M
 Heap Initial Capacity: 124M
 Heap Max Capacity: 2G
 Pre-touch: Disabled
 Parallel Workers: 4
 Concurrent Workers: 1
 Concurrent Refinement Workers: 4
 Periodic GC: Disabled
Heap:
 garbage-first heap   total 495616K, used 350699K [0x0000000080000000, 0x0000000100000000)
  region size 1024K, 235 young (240640K), 3 survivors (3072K)
 Metaspace       used 119929K, committed 120768K, reserved 1179648K
  class space    used 16180K, committed 16576K, reserved 1048576K
GC Heap History (20 events):
Event: 482.512 GC heap before
{Heap before GC invocations=64 (full 0):
 garbage-first heap   total 201728K, used 161885K [0x0000000080000000, 0x0000000100000000)
  region size 1024K, 50 young (51200K), 4 survivors (4096K)
 Metaspace       used 115775K, committed 116416K, reserved 1179648K
  class space    used 15836K, committed 16192K, reserved 1048576K
}
Event: 482.524 GC heap after
{Heap after GC invocations=65 (full 0):
 garbage-first heap   total 201728K, used 108419K [0x0000000080000000, 0x0000000100000000)
  region size 1024K, 7 young (7168K), 7 survivors (7168K)
 Metaspace       used 115775K, committed 116416K, reserved 1179648K
  class space    used 15836K, committed 16192K, reserved 1048576K
}
Event: 482.586 GC heap before
{Heap before GC invocations=65 (full 0):
 garbage-first heap   total 201728K, used 110467K [0x0000000080000000, 0x0000000100000000)
  region size 1024K, 9 young (9216K), 7 survivors (7168K)
 Metaspace       used 115818K, committed 116480K, reserved 1179648K
  class space    used 15837K, committed 16192K, reserved 1048576K
}
Event: 482.601 GC heap after
{Heap after GC invocations=66 (full 0):
 garbage-first heap   total 201728K, used 105815K [0x0000000080000000, 0x0000000100000000)
  region size 1024K, 2 young (2048K), 2 survivors (2048K)
 Metaspace       used 115818K, committed 116480K, reserved 1179648K
  class space    used 15837K, committed 16192K, reserved 1048576K
}
Event: 483.415 GC heap before
{Heap before GC invocations=66 (full 0):
 garbage-first heap   total 201728K, used 135511K [0x0000000080000000, 0x0000000100000000)
  region size 1024K, 33 young (33792K), 2 survivors (2048K)
 Metaspace       used 116269K, committed 116992K, reserved 1179648K
  class space    used 15846K, committed 16192K, reserved 1048576K
}
Event: 483.422 GC heap after
{Heap after GC invocations=67 (full 0):
 garbage-first heap   total 201728K, used 110004K [0x0000000080000000, 0x0000000100000000)
  region size 1024K, 6 young (6144K), 6 survivors (6144K)
 Metaspace       used 116269K, committed 116992K, reserved 1179648K
  class space    used 15846K, committed 16192K, reserved 1048576K
}
Event: 484.499 GC heap before
{Heap before GC invocations=68 (full 0):
 garbage-first heap   total 206848K, used 161204K [0x0000000080000000, 0x0000000100000000)
  region size 1024K, 55 young (56320K), 6 survivors (6144K)
 Metaspace       used 116621K, committed 117376K, reserved 1179648K
  class space    used 15849K, committed 16192K, reserved 1048576K
}
Event: 484.511 GC heap after
{Heap after GC invocations=69 (full 0):
 garbage-first heap   total 206848K, used 111601K [0x0000000080000000, 0x0000000100000000)
  region size 1024K, 2 young (2048K), 2 survivors (2048K)
 Metaspace       used 116621K, committed 117376K, reserved 1179648K
  class space    used 15849K, committed 16192K, reserved 1048576K
}
Event: 484.859 GC heap before
{Heap before GC invocations=69 (full 0):
 garbage-first heap   total 206848K, used 118769K [0x0000000080000000, 0x0000000100000000)
  region size 1024K, 10 young (10240K), 2 survivors (2048K)
 Metaspace       used 116956K, committed 117632K, reserved 1179648K
  class space    used 15853K, committed 16192K, reserved 1048576K
}
Event: 484.866 GC heap after
{Heap after GC invocations=70 (full 0):
 garbage-first heap   total 206848K, used 104639K [0x0000000080000000, 0x0000000100000000)
  region size 1024K, 1 young (1024K), 1 survivors (1024K)
 Metaspace       used 116956K, committed 117632K, reserved 1179648K
  class space    used 15853K, committed 16192K, reserved 1048576K
}
Event: 484.940 GC heap before
{Heap before GC invocations=70 (full 0):
 garbage-first heap   total 206848K, used 117951K [0x0000000080000000, 0x0000000100000000)
  region size 1024K, 15 young (15360K), 1 survivors (1024K)
 Metaspace       used 116959K, committed 117696K, reserved 1179648K
  class space    used 15853K, committed 16192K, reserved 1048576K
}
Event: 484.942 GC heap after
{Heap after GC invocations=71 (full 0):
 garbage-first heap   total 206848K, used 104907K [0x0000000080000000, 0x0000000100000000)
  region size 1024K, 1 young (1024K), 1 survivors (1024K)
 Metaspace       used 116959K, committed 117696K, reserved 1179648K
  class space    used 15853K, committed 16192K, reserved 1048576K
}
Event: 820.788 GC heap before
{Heap before GC invocations=72 (full 0):
 garbage-first heap   total 206848K, used 177611K [0x0000000080000000, 0x0000000100000000)
  region size 1024K, 63 young (64512K), 1 survivors (1024K)
 Metaspace       used 117672K, committed 118464K, reserved 1179648K
  class space    used 15913K, committed 16320K, reserved 1048576K
}
Event: 820.802 GC heap after
{Heap after GC invocations=73 (full 0):
 garbage-first heap   total 206848K, used 110469K [0x0000000080000000, 0x0000000100000000)
  region size 1024K, 7 young (7168K), 7 survivors (7168K)
 Metaspace       used 117672K, committed 118464K, reserved 1179648K
  class space    used 15913K, committed 16320K, reserved 1048576K
}
Event: 820.892 GC heap before
{Heap before GC invocations=73 (full 0):
 garbage-first heap   total 206848K, used 113541K [0x0000000080000000, 0x0000000100000000)
  region size 1024K, 10 young (10240K), 7 survivors (7168K)
 Metaspace       used 117820K, committed 118592K, reserved 1179648K
  class space    used 15935K, committed 16320K, reserved 1048576K
}
Event: 820.904 GC heap after
{Heap after GC invocations=74 (full 0):
 garbage-first heap   total 206848K, used 109310K [0x0000000080000000, 0x0000000100000000)
  region size 1024K, 1 young (1024K), 1 survivors (1024K)
 Metaspace       used 117820K, committed 118592K, reserved 1179648K
  class space    used 15935K, committed 16320K, reserved 1048576K
}
Event: 821.532 GC heap before
{Heap before GC invocations=74 (full 0):
 garbage-first heap   total 206848K, used 132862K [0x0000000080000000, 0x0000000100000000)
  region size 1024K, 26 young (26624K), 1 survivors (1024K)
 Metaspace       used 119026K, committed 119808K, reserved 1179648K
  class space    used 16070K, committed 16448K, reserved 1048576K
}
Event: 821.536 GC heap after
{Heap after GC invocations=75 (full 0):
 garbage-first heap   total 206848K, used 110010K [0x0000000080000000, 0x0000000100000000)
  region size 1024K, 2 young (2048K), 2 survivors (2048K)
 Metaspace       used 119026K, committed 119808K, reserved 1179648K
  class space    used 16070K, committed 16448K, reserved 1048576K
}
Event: 821.802 GC heap before
{Heap before GC invocations=75 (full 0):
 garbage-first heap   total 258048K, used 169402K [0x0000000080000000, 0x0000000100000000)
  region size 1024K, 61 young (62464K), 2 survivors (2048K)
 Metaspace       used 119075K, committed 119808K, reserved 1179648K
  class space    used 16077K, committed 16448K, reserved 1048576K
}
Event: 821.809 GC heap after
{Heap after GC invocations=76 (full 0):
 garbage-first heap   total 495616K, used 111083K [0x0000000080000000, 0x0000000100000000)
  region size 1024K, 3 young (3072K), 3 survivors (3072K)
 Metaspace       used 119075K, committed 119808K, reserved 1179648K
  class space    used 16077K, committed 16448K, reserved 1048576K
}

